  Source.cpp
Source.cpp(156): warning C4244: 'argument': conversion from 'double' to 'GLfloat', possible loss of data
Source.cpp(169): warning C4244: 'argument': conversion from 'double' to 'GLfloat', possible loss of data
Source.cpp(655): warning C4244: 'argument': conversion from 'double' to 'GLfloat', possible loss of data
Source.cpp(692): warning C4244: 'argument': conversion from 'double' to 'GLfloat', possible loss of data
Source.cpp(702): warning C4244: 'argument': conversion from 'double' to 'GLfloat', possible loss of data
Source.cpp(734): warning C4244: 'argument': conversion from 'double' to 'GLfloat', possible loss of data
Source.cpp(773): warning C4244: 'argument': conversion from 'double' to 'GLfloat', possible loss of data
Source.cpp(783): warning C4244: 'argument': conversion from 'double' to 'GLfloat', possible loss of data
Source.cpp(815): warning C4244: 'argument': conversion from 'double' to 'GLfloat', possible loss of data
Source.cpp(853): warning C4244: 'argument': conversion from 'double' to 'GLfloat', possible loss of data
Source.cpp(863): warning C4244: 'argument': conversion from 'double' to 'GLfloat', possible loss of data
Source.cpp(894): warning C4244: 'argument': conversion from 'double' to 'GLfloat', possible loss of data
Source.cpp(933): warning C4244: 'argument': conversion from 'double' to 'GLfloat', possible loss of data
Source.cpp(943): warning C4244: 'argument': conversion from 'double' to 'GLfloat', possible loss of data
Source.cpp(973): warning C4244: 'argument': conversion from 'double' to 'GLfloat', possible loss of data
Source.cpp(1012): warning C4244: 'argument': conversion from 'double' to 'GLfloat', possible loss of data
Source.cpp(1022): warning C4244: 'argument': conversion from 'double' to 'GLfloat', possible loss of data
Source.cpp(1054): warning C4244: 'argument': conversion from 'double' to 'GLfloat', possible loss of data
Source.cpp(1093): warning C4244: 'argument': conversion from 'double' to 'GLfloat', possible loss of data
Source.cpp(1103): warning C4244: 'argument': conversion from 'double' to 'GLfloat', possible loss of data
  Generating code
  2 of 8 functions (25.0%) were compiled, the rest were copied from previous compilation.
    0 functions were new in current compilation
    1 functions had inline decision re-evaluated but remain unchanged
  Finished generating code
  ConsoleApplication1.vcxproj -> C:\Users\aborisco\Desktop\for test\3d\OpenGL\ConsoleApplication1\Release\ConsoleApplication1.exe
  ConsoleApplication1.vcxproj -> C:\Users\aborisco\Desktop\for test\3d\OpenGL\ConsoleApplication1\Release\ConsoleApplication1.pdb (Full PDB)
